Arguments: 
  /usr/bin/node /usr/bin/yarn add

PATH: 
  /usr/local/sbin:/usr/bin/core_perl:/usr/local/bin:/usr/bin:/home/bassel/.config/bspwm/panel:/home/bassel/.bin

Yarn version: 
  1.5.1

Node version: 
  9.9.0

Platform: 
  linux x64

npm manifest: 
  {
    "name": "vuetest",
    "version": "1.0.0",
    "description": "",
    "main": "index.js",
    "scripts": {
      "test": "echo \"Error: no test specified\" && exit 1"
    },
    "author": "",
    "license": "ISC"
  }

yarn manifest: 
  No manifest

Lockfile: 
  No lockfile

Trace: 
  Error: Missing list of packages to add to your project.
      at new MessageError (/usr/lib/node_modules/yarn/lib/cli.js:186:110)
      at Object.<anonymous> (/usr/lib/node_modules/yarn/lib/cli.js:40587:13)
      at Generator.next (<anonymous>)
      at step (/usr/lib/node_modules/yarn/lib/cli.js:98:30)
      at /usr/lib/node_modules/yarn/lib/cli.js:116:14
      at new Promise (<anonymous>)
      at new F (/usr/lib/node_modules/yarn/lib/cli.js:23451:28)
      at Object.<anonymous> (/usr/lib/node_modules/yarn/lib/cli.js:95:12)
      at Object.run (/usr/lib/node_modules/yarn/lib/cli.js:40599:19)
      at run (/usr/lib/node_modules/yarn/lib/cli.js:89113:20)
